#0 building with "default" instance using docker driver

#1 [internal] load build definition from Dockerfile
#1 transferring dockerfile: 535B done
#1 DONE 0.0s

#2 [internal] load .dockerignore
#2 transferring context: 67B 0.0s done
#2 DONE 0.0s

#3 [internal] load metadata for docker.io/library/node:16
#3 DONE 4.2s

#4 [1/6] FROM docker.io/library/node:16@sha256:818b5adc1ee4a04e8ad5efeb70871571efe414315ad7f16844f24f9962ffdc7e
#4 DONE 0.0s

#5 [2/6] WORKDIR /var/www/html
#5 CACHED

#6 [internal] load build context
#6 transferring context: 749.23kB 0.9s
#6 transferring context: 3.11MB 5.9s
#6 transferring context: 4.28MB 11.0s
#6 transferring context: 4.58MB 12.1s done
#6 DONE 12.2s

#7 [3/6] COPY package*.json ./
#7 DONE 0.1s

#8 [4/6] RUN npm install npm@latest
#8 1.519 npm WARN old lockfile 
#8 1.521 npm WARN old lockfile The package-lock.json file was created with an old version of npm,
#8 1.523 npm WARN old lockfile so supplemental metadata must be fetched from the registry.
#8 1.524 npm WARN old lockfile 
#8 1.524 npm WARN old lockfile This is a one-time fix-up, please be patient...
#8 1.525 npm WARN old lockfile 
#8 4.919 npm WARN EBADENGINE Unsupported engine {
#8 4.921 npm WARN EBADENGINE   package: 'NodejsStarterApp@0.0.1',
#8 4.922 npm WARN EBADENGINE   required: { node: '6.x' },
#8 4.922 npm WARN EBADENGINE   current: { node: 'v16.20.2', npm: '8.19.4' }
#8 4.922 npm WARN EBADENGINE }
#8 8.782 npm WARN deprecated uuid@3.4.0: Please upgrade  to version 7 or higher.  Older versions may use Math.random() in certain circumstances, which is known to be problematic.  See https://v8.dev/blog/math-random for details.
#8 9.437 npm WARN deprecated har-validator@5.1.5: this library is no longer supported
#8 9.471 npm WARN deprecated request@2.88.2: request has been deprecated, see https://github.com/request/request/issues/3142
#8 10.19 
#8 10.19 added 117 packages, and audited 366 packages in 9s
#8 10.19 
#8 10.19 39 packages are looking for funding
#8 10.19   run `npm fund` for details
#8 10.20 
#8 10.20 2 moderate severity vulnerabilities
#8 10.20 
#8 10.20 Some issues need review, and may require choosing
#8 10.20 a different dependency.
#8 10.20 
#8 10.20 Run `npm audit` for details.
#8 10.20 npm notice 
#8 10.20 npm notice New major version of npm available! 8.19.4 -> 9.8.1
#8 10.20 npm notice Changelog: <https://github.com/npm/cli/releases/tag/v9.8.1>
#8 10.20 npm notice Run `npm install -g npm@9.8.1` to update!
#8 10.20 npm notice 
#8 DONE 10.3s

#9 [5/6] RUN npm install
#9 1.776 npm WARN EBADENGINE Unsupported engine {
#9 1.778 npm WARN EBADENGINE   package: 'NodejsStarterApp@0.0.1',
#9 1.779 npm WARN EBADENGINE   required: { node: '6.x' },
#9 1.780 npm WARN EBADENGINE   current: { node: 'v16.20.2', npm: '8.19.4' }
#9 1.780 npm WARN EBADENGINE }
#9 3.228 
#9 3.228 up to date, audited 366 packages in 2s
#9 3.228 
#9 3.228 39 packages are looking for funding
#9 3.228   run `npm fund` for details
#9 3.234 
#9 3.234 2 moderate severity vulnerabilities
#9 3.234 
#9 3.234 Some issues need review, and may require choosing
#9 3.234 a different dependency.
#9 3.234 
#9 3.234 Run `npm audit` for details.
#9 DONE 3.3s

#10 [6/6] COPY . .
#10 DONE 0.3s

#11 exporting to image
#11 exporting layers
#11 exporting layers 1.1s done
#11 writing image sha256:568bae14f6bdf264c5034bc83dd420d745fa96a6c3e693ff9955b75c3e44d177 done
#11 naming to docker.io/library/cdi-scheduler done
#11 DONE 1.1s

[1mWhat's Next?
[0m  View summary of image vulnerabilities and recommendations → [36mdocker scout quickview[0m
